core   0: 3 0x00001000 (0x00000297) x5  0x00001000
core   0: 3 0x00001004 (0x02028593) x11 0x00001020
core   0: 3 0x00001008 (0xf1402573) x10 0x00000000
core   0: 3 0x0000100c (0x0182a283) x5  0x80000080 mem 0x00001018
core   0: 3 0x00001010 (0x00028067)
core   0: 3 0x80000080 (0x40001137) x2  0x40001000
core   0: 3 0x80000084 (0x10410113) x2  0x40001104
core   0: 3 0x80000088 (0x30111073) c769_misa 0x40141104
core   0: 3 0x8000008c (0x00010517) x10 0x8001008c
core   0: 3 0x80000090 (0xbf850513) x10 0x8000fc84
core   0: 3 0x80000094 (0x00000117) x2  0x80000094
core   0: 3 0x80000098 (0xf6c10113) x2  0x80000000
core   0: 3 0x8000009c (0x00116113) x2  0x80000001
core   0: 3 0x800000a0 (0x30511073) c773_mtvec 0x80000001
core   0: 3 0x800000a4 (0x00000117) x2  0x800000a4
core   0: 3 0x800000a8 (0x00c10113) x2  0x800000b0
core   0: 3 0x800000ac (0x34111073) c833_mepc 0x800000b0
core   0: 3 0x800000b0 (0x80000037)
core   0: 3 0x800000b4 (0x0001)
core   0: 3 0x800000b6 (0xf54a30b7) x1  0xf54a3000
core   0: 3 0x800000ba (0xb8d08093) x1  0xf54a2b8d
core   0: 3 0x800000be (0x412d) x2  0x0000000b
core   0: 3 0x800000c0 (0x400aa1b7) x3  0x400aa000
core   0: 3 0x800000c4 (0xc7318193) x3  0x400a9c73
core   0: 3 0x800000c8 (0xe2857237) x4  0xe2857000
core   0: 3 0x800000cc (0x1d720213) x4  0xe28571d7
core   0: 3 0x800000d0 (0x977142b7) x5  0x97714000
core   0: 3 0x800000d4 (0xdfc28293) x5  0x97713dfc
core   0: 3 0x800000d8 (0x4301) x6  0x00000000
core   0: 3 0x800000da (0x032433b7) x7  0x03243000
core   0: 3 0x800000de (0x82538393) x7  0x03242825
core   0: 3 0x800000e2 (0x80000437) x8  0x80000000
core   0: 3 0x800000e6 (0x4495) x9  0x00000005
core   0: 3 0x800000e8 (0x459d) x11 0x00000007
core   0: 3 0x800000ea (0xf2fd2637) x12 0xf2fd2000
core   0: 3 0x800000ee (0xee760613) x12 0xf2fd1ee7
core   0: 3 0x800000f2 (0x4e2676b7) x13 0x4e267000
core   0: 3 0x800000f6 (0xeb568693) x13 0x4e266eb5
core   0: 3 0x800000fa (0xffd5e737) x14 0xffd5e000
core   0: 3 0x800000fe (0xe6770713) x14 0xffd5de67
core   0: 3 0x80000102 (0x4785) x15 0x00000001
core   0: 3 0x80000104 (0x4801) x16 0x00000000
core   0: 3 0x80000106 (0xc00018b7) x17 0xc0001000
core   0: 3 0x8000010a (0x78e88893) x17 0xc000178e
core   0: 3 0x8000010e (0x494899b7) x19 0x49489000
core   0: 3 0x80000112 (0x19b5) x19 0x49488fed
core   0: 3 0x80000114 (0x80000a37) x20 0x80000000
core   0: 3 0x80000118 (0x80000ab7) x21 0x80000000
core   0: 3 0x8000011c (0x4b25) x22 0x00000009
core   0: 3 0x8000011e (0x4b81) x23 0x00000000
core   0: 3 0x80000120 (0xfd1f5c37) x24 0xfd1f5000
core   0: 3 0x80000124 (0x3eac0c13) x24 0xfd1f53ea
core   0: 3 0x80000128 (0x4c91) x25 0x00000004
core   0: 3 0x8000012a (0x4d01) x26 0x00000000
core   0: 3 0x8000012c (0x4da9) x27 0x0000000a
core   0: 3 0x8000012e (0x80000e37) x28 0x80000000
core   0: 3 0x80000132 (0x4e81) x29 0x00000000
core   0: 3 0x80000134 (0x4f01) x30 0x00000000
core   0: 3 0x80000136 (0xd2e78fb7) x31 0xd2e78000
core   0: 3 0x8000013a (0x693f8f93) x31 0xd2e78693
core   0: 3 0x8000013e (0x0000b917) x18 0x8000b13e
core   0: 3 0x80000142 (0xd2690913) x18 0x8000ae64
core   0: 3 0x80000146 (0xa009)
core   0: 3 0x80000148 (0x03843033)
core   0: 3 0x8000014c (0x01342033)
core   0: 3 0x80000150 (0x00ac4033)
core   0: 3 0x80000154 (0x413db113) x2  0x00000001
core   0: 3 0x80000158 (0x009fd013)
core   0: 3 0x8000015c (0x03c22e33) x28 0xf142b8eb
core   0: 3 0x80000160 (0x41a608b3) x17 0xf2fd1ee7
core   0: 3 0x80000164 (0x001510b3) x1  0x1f908000
core   0: 3 0x80000168 (0xcee5)
core   0: 3 0x8000016a (0x03395233) x4  0x00000001
core   0: 3 0x8000016e (0x4131d033)
core   0: 3 0x80000172 (0x99b6) x19 0x976efea2
core   0: 3 0x80000174 (0x987d) x8  0x80000000
core   0: 3 0x80000176 (0x0e466063)
core   0: 3 0x8000017a (0x8c55) x8  0xce266eb5
core   0: 3 0x8000017c (0x00004417) x8  0x8000417c
core   0: 3 0x80000180 (0xd8f40413) x8  0x80003f0b
core   0: 3 0x80000184 (0xf8141b03) x22 0xffffd015 mem 0x80003e8c
core   0: 3 0x80000188 (0x09440223) mem 0x80003f8f 0x00
core   0: 3 0x8000018c (0x44f9) x9  0x0000001e
core   0: 3 0x8000018e (0xf3344f83) x31 0x0000008f mem 0x80003e3e
core   0: 3 0x80000192 (0x8ccd) x9  0x0000001f
core   0: 3 0x80000194 (0x6155) x2  0x00000131
core   0: 3 0x80000196 (0xf3040683) x13 0xffffffa8 mem 0x80003e3b
core   0: 3 0x8000019a (0x07942a83) x21 0x4f453da7 mem 0x80003f84
core   0: 3 0x8000019e (0x0a242a23) mem 0x80003fbf 0x00000131
core   0: 3 0x800001a2 (0x07941b03) x22 0x00003da7 mem 0x80003f84
core   0: 3 0x800001a6 (0xf2941ca3) mem 0x80003e44 0x001f
core   0: 3 0x800001aa (0x042422a3) mem 0x80003f50 0x00000131
core   0: 3 0x800001ae (0x022425a3) mem 0x80003f36 0x00000131
core   0: 3 0x800001b2 (0x95d2) x11 0x80000007
core   0: 3 0x800001b4 (0xfcc42a83) x21 0x84a5f604 mem 0x80003ed7
core   0: 3 0x800001b8 (0x616d) x2  0x00000221
core   0: 3 0x800001ba (0x024314b3) x9  0x00000000
core   0: 3 0x800001be (0x010829b3) x19 0x00000000
core   0: 3 0x800001c2 (0x41a65813) x16 0xfffffffc
core   0: 3 0x800001c6 (0x019b5db3) x27 0x000003da
core   0: 3 0x800001ca (0x01339113) x2  0x41280000
core   0: 3 0x800001ce (0x0e941023) mem 0x80003feb 0x0000
core   0: 3 0x800001d2 (0xfa244f83) x31 0x0000000b mem 0x80003ead
core   0: 3 0x800001d6 (0x6c39) x24 0x0000e000
core   0: 3 0x800001d8 (0xfe242e23) mem 0x80003f07 0x41280000
core   0: 3 0x800001dc (0xf9b41b03) x22 0x0000524e mem 0x80003ea6
core   0: 3 0x800001e0 (0x409d55b3) x11 0x00000000
core   0: 3 0x800001e4 (0x8691) x13 0xfffffffa
core   0: 3 0x800001e6 (0xf4242f23) mem 0x80003e69 0x41280000
core   0: 3 0x800001ea (0x07440aa3) mem 0x80003f80 0x00
core   0: 3 0x800001ee (0x0176d113) x2  0x000001ff
core   0: 3 0x800001f2 (0x0d544f83) x31 0x00000073 mem 0x80003fe0
core   0: 3 0x800001f6 (0x8ed1) x13 0xffffffff
core   0: 3 0x800001f8 (0xe01ae717) x14 0x601ae1f8
core   0: 3 0x800001fc (0x0e944f83) x31 0x000000d0 mem 0x80003ff4
core   0: 3 0x80000200 (0x0286af33) x30 0xffffffff
core   0: 3 0x80000204 (0x01b7b593) x11 0x00000001
core   0: 3 0x80000208 (0xf3245003) mem 0x80003e3d
core   0: 3 0x8000020c (0x01142a83) x21 0x434a6c7d mem 0x80003f1c
core   0: 3 0x80000210 (0x80c6) x1  0xf2fd1ee7
core   0: 3 0x80000212 (0x48f18013)
core   0: 3 0x80000216 (0xf4e40683) x13 0xfffffff3 mem 0x80003e59
core   0: 3 0x8000021a (0xfbc45003) mem 0x80003ec7
core   0: 3 0x8000021e (0x3e8b3193) x3  0x00000000
core   0: 3 0x80000222 (0x6149) x2  0x0000028f
core   0: 3 0x80000224 (0xff440f23) mem 0x80003f09 0x00
core   0: 3 0x80000228 (0xfe141b03) x22 0xffff8d13 mem 0x80003eec
core   0: 3 0x8000022c (0x0e242ca3) mem 0x80004004 0x0000028f
core   0: 3 0x80000230 (0x05440023) mem 0x80003f4b 0x00
core   0: 3 0x80000234 (0xfdc45003) mem 0x80003ee7
core   0: 3 0x80000238 (0xfd440ea3) mem 0x80003ee8 0x00
core   0: 3 0x8000023c (0x04942a83) x21 0xe1b99538 mem 0x80003f54
core   0: 3 0x80000240 (0x41735cb3) x25 0x00000000
core   0: 3 0x80000244 (0x88703c13) x24 0x00000001
core   0: 3 0x80000248 (0x01ac6b33) x22 0x00000001
core   0: 3 0x8000024c (0x00d80fb3) x31 0xffffffef
core   0: 3 0x80000250 (0x86fd) x13 0xffffffff
core   0: 3 0x80000252 (0xb9b3c613) x12 0xfcdbd3be
core   0: 3 0x80000256 (0x95aa) x11 0x8000fc85
core   0: 3 0x80000258 (0x0001)
core   0: 3 0x8000025a (0x02cc5433) x8  0x00000000
core   0: 3 0x8000025e (0x8df1) x11 0x8000d084
core   0: 3 0x80000260 (0x54d57d93) x27 0x00000404
core   0: 3 0x80000264 (0x6135) x2  0x000003ef
core   0: 3 0x80000266 (0x021d1fb3) x31 0x00000000
core   0: 3 0x8000026a (0x009b0863)
core   0: 3 0x8000026e (0x8d81ec37) x24 0x8d81e000
core   0: 3 0x80000272 (0x0dfa) x27 0x00000000
core   0: 3 0x80000274 (0x86b9) x13 0xffffffff
core   0: 3 0x80000276 (0x016e7233) x4  0x00000001
core   0: 3 0x8000027a (0x00457c63)
core   0: 3 0x80000292 (0x418b58b3) x17 0x00000001
core   0: 3 0x80000296 (0x4185) x3  0x00000001
core   0: 3 0x80000298 (0xc199)
core   0: 3 0x8000029a (0x40ec8033)
core   0: 3 0x8000029e (0x8ba5) x15 0x00000001
core   0: 3 0x800002a0 (0x01cb2333) x6  0x00000000
core   0: 3 0x800002a4 (0x01a3d213) x4  0x00000000
core   0: 3 0x800002a8 (0x007a9663)
core   0: 3 0x800002b4 (0x014a) x2  0x0fbc0000
core   0: 3 0x800002b6 (0x8cef7037)
core   0: 3 0x800002ba (0x00211fb3) x31 0x0fbc0000
core   0: 3 0x800002be (0x0001)
core   0: 3 0x800002c0 (0x0c26) x24 0x03c00000
core   0: 3 0x800002c2 (0x0399d463)
core   0: 3 0x800002ea (0x017e9213) x4  0x00000000
core   0: 3 0x800002ee (0x01f35d93) x27 0x00000000
core   0: 3 0x800002f2 (0x0001)
core   0: 3 0x800002f4 (0x8ac1) x13 0x00000010
core   0: 3 0x800002f6 (0x643d) x8  0x0000f000
core   0: 3 0x800002f8 (0x8dc9) x11 0x8000fc84
core   0: 3 0x800002fa (0x00cfed63)
core   0: 3 0x80000314 (0x00c80233) x4  0xfcdbd3ba
core   0: 3 0x80000318 (0x00000e97) x29 0x80000318
core   0: 3 0x8000031c (0x00ce8e93) x29 0x80000324
core   0: 3 0x80000320 (0x000e8067)
core   0: 3 0x80000324 (0x4185) x3  0x00000001
core   0: 3 0x80000000 (0x6fc0106f)
core   0: 3 0x800016fc (0x34091973) x18 0x00000000 c832_mscratch 0x8000ae64
core   0: 3 0x80001700 (0x00050933) x18 0x8000fc84
core   0: 3 0x80001704 (0xf8490913) x18 0x8000fc08
core   0: 3 0x80001708 (0x00192223) mem 0x8000fc0c 0xf2fd1ee7
core   0: 3 0x8000170c (0x00292423) mem 0x8000fc10 0x0fbc0000
core   0: 3 0x80001710 (0x00392623) mem 0x8000fc14 0x00000001
core   0: 3 0x80001714 (0x00492823) mem 0x8000fc18 0xfcdbd3ba
core   0: 3 0x80001718 (0x00592a23) mem 0x8000fc1c 0x97713dfc
core   0: 3 0x8000171c (0x00692c23) mem 0x8000fc20 0x00000000
core   0: 3 0x80001720 (0x00792e23) mem 0x8000fc24 0x03242825
core   0: 3 0x80001724 (0x02892023) mem 0x8000fc28 0x0000f000
core   0: 3 0x80001728 (0x02992223) mem 0x8000fc2c 0x00000000
core   0: 3 0x8000172c (0x02a92423) mem 0x8000fc30 0x8000fc84
core   0: 3 0x80001730 (0x02b92623) mem 0x8000fc34 0x8000fc84
core   0: 3 0x80001734 (0x02c92823) mem 0x8000fc38 0xfcdbd3be
core   0: 3 0x80001738 (0x02d92a23) mem 0x8000fc3c 0x00000010
core   0: 3 0x8000173c (0x02e92c23) mem 0x8000fc40 0x601ae1f8
core   0: 3 0x80001740 (0x02f92e23) mem 0x8000fc44 0x00000001
core   0: 3 0x80001744 (0x05092023) mem 0x8000fc48 0xfffffffc
core   0: 3 0x80001748 (0x05192223) mem 0x8000fc4c 0x00000001
core   0: 3 0x8000174c (0x05292423) mem 0x8000fc50 0x8000fc08
core   0: 3 0x80001750 (0x05392623) mem 0x8000fc54 0x00000000
core   0: 3 0x80001754 (0x05492823) mem 0x8000fc58 0x80000000
core   0: 3 0x80001758 (0x05592a23) mem 0x8000fc5c 0xe1b99538
core   0: 3 0x8000175c (0x05692c23) mem 0x8000fc60 0x00000001
core   0: 3 0x80001760 (0x05792e23) mem 0x8000fc64 0x00000000
core   0: 3 0x80001764 (0x07892023) mem 0x8000fc68 0x03c00000
core   0: 3 0x80001768 (0x07992223) mem 0x8000fc6c 0x00000000
core   0: 3 0x8000176c (0x07a92423) mem 0x8000fc70 0x00000000
core   0: 3 0x80001770 (0x07b92623) mem 0x8000fc74 0x00000000
core   0: 3 0x80001774 (0x07c92823) mem 0x8000fc78 0xf142b8eb
core   0: 3 0x80001778 (0x07d92a23) mem 0x8000fc7c 0x80000324
core   0: 3 0x8000177c (0x07e92c23) mem 0x8000fc80 0xffffffff
core   0: 3 0x80001780 (0x07f92e23) mem 0x8000fc84 0x0fbc0000
core   0: 3 0x80001784 (0x34102173) x2  0x80000326
core   0: 3 0x80001788 (0x34202173) x2  0x0000000b
core   0: 3 0x8000178c (0x4fad) x31 0x0000000b
core   0: 3 0x8000178e (0x01f10d63)
core   0: 3 0x800017a8 (0xfffff117) x2  0x800007a8
core   0: 3 0x800017ac (0x8d810113) x2  0x80000080
core   0: 3 0x800017b0 (0xc002) mem 0x80000080 0x00000000
core   0: 3 0x800017b2 (0xc206) mem 0x80000084 0xf2fd1ee7
core   0: 3 0x800017b4 (0xc40a) mem 0x80000088 0x80000080
core   0: 3 0x800017b6 (0xc60e) mem 0x8000008c 0x00000001
core   0: 3 0x800017b8 (0xc812) mem 0x80000090 0xfcdbd3ba
core   0: 3 0x800017ba (0xca16) mem 0x80000094 0x97713dfc
core   0: 3 0x800017bc (0xcc1a) mem 0x80000098 0x00000000
core   0: 3 0x800017be (0xce1e) mem 0x8000009c 0x03242825
core   0: 3 0x800017c0 (0xd022) mem 0x800000a0 0x0000f000
core   0: 3 0x800017c2 (0xd226) mem 0x800000a4 0x00000000
core   0: 3 0x800017c4 (0xd42a) mem 0x800000a8 0x8000fc84
core   0: 3 0x800017c6 (0xd62e) mem 0x800000ac 0x8000fc84
core   0: 3 0x800017c8 (0xd832) mem 0x800000b0 0xfcdbd3be
core   0: 3 0x800017ca (0xda36) mem 0x800000b4 0x00000010
core   0: 3 0x800017cc (0xdc3a) mem 0x800000b8 0x601ae1f8
core   0: 3 0x800017ce (0xde3e) mem 0x800000bc 0x00000001
core   0: 3 0x800017d0 (0xc0c2) mem 0x800000c0 0xfffffffc
core   0: 3 0x800017d2 (0xc2c6) mem 0x800000c4 0x00000001
core   0: 3 0x800017d4 (0xc4ca) mem 0x800000c8 0x8000fc08
core   0: 3 0x800017d6 (0xc6ce) mem 0x800000cc 0x00000000
core   0: 3 0x800017d8 (0xc8d2) mem 0x800000d0 0x80000000
core   0: 3 0x800017da (0xcad6) mem 0x800000d4 0xe1b99538
core   0: 3 0x800017dc (0xccda) mem 0x800000d8 0x00000001
core   0: 3 0x800017de (0xcede) mem 0x800000dc 0x00000000
core   0: 3 0x800017e0 (0xd0e2) mem 0x800000e0 0x03c00000
core   0: 3 0x800017e2 (0xd2e6) mem 0x800000e4 0x00000000
core   0: 3 0x800017e4 (0xd4ea) mem 0x800000e8 0x00000000
core   0: 3 0x800017e6 (0xd6ee) mem 0x800000ec 0x00000000
core   0: 3 0x800017e8 (0xd8f2) mem 0x800000f0 0xf142b8eb
core   0: 3 0x800017ea (0xdaf6) mem 0x800000f4 0x80000324
core   0: 3 0x800017ec (0xdcfa) mem 0x800000f8 0xffffffff
core   0: 3 0x800017ee (0xdefe) mem 0x800000fc 0x0000000b
core   0: 3 0x800017f0 (0x34102173) x2  0x80000326
core   0: 3 0x800017f4 (0x0111) x2  0x8000032a
core   0: 3 0x800017f6 (0x34111073) c833_mepc 0x8000032a
core   0: 3 0x800017fa (0x30200073) c768_mstatus 0x00000080 c784_mstatush 0x00000000
core   0: 3 0x8000032a (0x00002f17) x30 0x8000232a
core   0: 3 0x8000032e (0xcc3f2b23) mem 0x80002000 0x00000001
